<?xml version="1.0" encoding="UTF-8"?>
<testsuites name="jest tests" tests="5" failures="0" time="2.469">
  <testsuite name="jest" errors="0" failures="0" skipped="0" timestamp="2020-06-06T21:51:11" time="1.973" tests="5">
    <testcase classname="jest should compile typescript" name="jest should compile typescript" time="0.002">
    </testcase>
    <testcase classname="jest should compile spread operator" name="jest should compile spread operator" time="0.002">
    </testcase>
    <testcase classname="jest should compile dynamic import" name="jest should compile dynamic import" time="0.001">
    </testcase>
    <testcase classname="jest should compile dynamic import with await keyword" name="jest should compile dynamic import with await keyword" time="0">
    </testcase>
    <testcase classname="jest should compile a React component" name="jest should compile a React component" time="0.024">
    </testcase>
  </testsuite>
</testsuites>